{"C:\\Users\\juan_\\source\\repos\\employee-system\\backend\\src\\dtos\\attendance.dto.ts": {"path":"C:\\Users\\juan_\\source\\repos\\employee-system\\backend\\src\\dtos\\attendance.dto.ts","statementMap":{"0":{"start":{"line":1,"column":0},"end":{"line":1,"column":24}},"1":{"start":{"line":3,"column":13},"end":{"line":10,"column":3}},"2":{"start":{"line":9,"column":26},"end":{"line":9,"column":45}}},"fnMap":{"0":{"name":"(anonymous_0)","decl":{"start":{"line":9,"column":15},"end":{"line":9,"column":16}},"loc":{"start":{"line":9,"column":26},"end":{"line":9,"column":45}}}},"branchMap":{},"s":{"0":5,"1":5,"2":15},"f":{"0":15},"b":{}}
,"C:\\Users\\juan_\\source\\repos\\employee-system\\backend\\src\\dtos\\employee.dto.ts": {"path":"C:\\Users\\juan_\\source\\repos\\employee-system\\backend\\src\\dtos\\employee.dto.ts","statementMap":{"0":{"start":{"line":1,"column":0},"end":{"line":1,"column":24}},"1":{"start":{"line":3,"column":25},"end":{"line":8,"column":44}},"2":{"start":{"line":8,"column":24},"end":{"line":8,"column":43}},"3":{"start":{"line":10,"column":13},"end":{"line":15,"column":3}},"4":{"start":{"line":13,"column":71},"end":{"line":13,"column":90}},"5":{"start":{"line":17,"column":13},"end":{"line":21,"column":3}},"6":{"start":{"line":19,"column":71},"end":{"line":19,"column":90}},"7":{"start":{"line":23,"column":13},"end":{"line":25,"column":3}}},"fnMap":{"0":{"name":"(anonymous_0)","decl":{"start":{"line":8,"column":13},"end":{"line":8,"column":14}},"loc":{"start":{"line":8,"column":24},"end":{"line":8,"column":43}}},"1":{"name":"(anonymous_1)","decl":{"start":{"line":13,"column":60},"end":{"line":13,"column":61}},"loc":{"start":{"line":13,"column":71},"end":{"line":13,"column":90}}},"2":{"name":"(anonymous_2)","decl":{"start":{"line":19,"column":60},"end":{"line":19,"column":61}},"loc":{"start":{"line":19,"column":71},"end":{"line":19,"column":90}}}},"branchMap":{},"s":{"0":4,"1":4,"2":19,"3":4,"4":10,"5":4,"6":0,"7":4},"f":{"0":19,"1":10,"2":0},"b":{}}
,"C:\\Users\\juan_\\source\\repos\\employee-system\\backend\\src\\usecases\\CreateEmployeeUseCase.ts": {"path":"C:\\Users\\juan_\\source\\repos\\employee-system\\backend\\src\\usecases\\CreateEmployeeUseCase.ts","statementMap":{"0":{"start":{"line":1,"column":0},"end":{"line":1,"column":57}},"1":{"start":{"line":2,"column":0},"end":{"line":2,"column":50}},"2":{"start":{"line":6,"column":31},"end":{"line":6,"column":69}},"3":{"start":{"line":9,"column":20},"end":{"line":9,"column":50}},"4":{"start":{"line":11,"column":21},"end":{"line":11,"column":79}},"5":{"start":{"line":12,"column":4},"end":{"line":14,"column":5}},"6":{"start":{"line":13,"column":6},"end":{"line":13,"column":55}},"7":{"start":{"line":16,"column":4},"end":{"line":16,"column":51}},"8":{"start":{"line":5,"column":0},"end":{"line":5,"column":13}}},"fnMap":{"0":{"name":"(anonymous_0)","decl":{"start":{"line":6,"column":2},"end":{"line":6,"column":31}},"loc":{"start":{"line":6,"column":69},"end":{"line":6,"column":73}}},"1":{"name":"(anonymous_1)","decl":{"start":{"line":8,"column":2},"end":{"line":8,"column":7}},"loc":{"start":{"line":8,"column":30},"end":{"line":17,"column":3}}}},"branchMap":{"0":{"loc":{"start":{"line":12,"column":4},"end":{"line":14,"column":5}},"type":"if","locations":[{"start":{"line":12,"column":4},"end":{"line":14,"column":5}},{"start":{},"end":{}}]}},"s":{"0":4,"1":4,"2":6,"3":12,"4":10,"5":10,"6":2,"7":8,"8":4},"f":{"0":6,"1":12},"b":{"0":[2,8]}}
,"C:\\Users\\juan_\\source\\repos\\employee-system\\backend\\src\\usecases\\GetAttendanceHistoryUseCase.ts": {"path":"C:\\Users\\juan_\\source\\repos\\employee-system\\backend\\src\\usecases\\GetAttendanceHistoryUseCase.ts","statementMap":{"0":{"start":{"line":1,"column":0},"end":{"line":1,"column":50}},"1":{"start":{"line":7,"column":21},"end":{"line":7,"column":59}},"2":{"start":{"line":8,"column":21},"end":{"line":8,"column":63}},"3":{"start":{"line":12,"column":29},"end":{"line":12,"column":56}},"4":{"start":{"line":13,"column":21},"end":{"line":13,"column":81}},"5":{"start":{"line":15,"column":4},"end":{"line":17,"column":5}},"6":{"start":{"line":16,"column":6},"end":{"line":16,"column":52}},"7":{"start":{"line":19,"column":4},"end":{"line":19,"column":75}},"8":{"start":{"line":5,"column":0},"end":{"line":5,"column":13}}},"fnMap":{"0":{"name":"(anonymous_0)","decl":{"start":{"line":6,"column":2},"end":{"line":6,"column":null}},"loc":{"start":{"line":8,"column":63},"end":{"line":9,"column":6}}},"1":{"name":"(anonymous_1)","decl":{"start":{"line":11,"column":2},"end":{"line":11,"column":7}},"loc":{"start":{"line":11,"column":30},"end":{"line":20,"column":3}}}},"branchMap":{"0":{"loc":{"start":{"line":15,"column":4},"end":{"line":17,"column":5}},"type":"if","locations":[{"start":{"line":15,"column":4},"end":{"line":17,"column":5}},{"start":{},"end":{}}]}},"s":{"0":4,"1":5,"2":5,"3":3,"4":3,"5":3,"6":1,"7":2,"8":4},"f":{"0":5,"1":3},"b":{"0":[1,2]}}
,"C:\\Users\\juan_\\source\\repos\\employee-system\\backend\\src\\usecases\\RegisterEntryUseCase.ts": {"path":"C:\\Users\\juan_\\source\\repos\\employee-system\\backend\\src\\usecases\\RegisterEntryUseCase.ts","statementMap":{"0":{"start":{"line":1,"column":0},"end":{"line":1,"column":61}},"1":{"start":{"line":2,"column":0},"end":{"line":2,"column":65}},"2":{"start":{"line":8,"column":21},"end":{"line":8,"column":59}},"3":{"start":{"line":9,"column":21},"end":{"line":9,"column":63}},"4":{"start":{"line":13,"column":20},"end":{"line":13,"column":71}},"5":{"start":{"line":14,"column":16},"end":{"line":14,"column":39}},"6":{"start":{"line":15,"column":18},"end":{"line":15,"column":49}},"7":{"start":{"line":17,"column":21},"end":{"line":17,"column":79}},"8":{"start":{"line":18,"column":4},"end":{"line":20,"column":5}},"9":{"start":{"line":19,"column":6},"end":{"line":19,"column":52}},"10":{"start":{"line":22,"column":21},"end":{"line":22,"column":93}},"11":{"start":{"line":23,"column":4},"end":{"line":25,"column":5}},"12":{"start":{"line":24,"column":6},"end":{"line":24,"column":67}},"13":{"start":{"line":27,"column":4},"end":{"line":27,"column":77}},"14":{"start":{"line":6,"column":0},"end":{"line":6,"column":13}}},"fnMap":{"0":{"name":"(anonymous_0)","decl":{"start":{"line":7,"column":2},"end":{"line":7,"column":null}},"loc":{"start":{"line":9,"column":63},"end":{"line":10,"column":6}}},"1":{"name":"(anonymous_1)","decl":{"start":{"line":12,"column":2},"end":{"line":12,"column":7}},"loc":{"start":{"line":12,"column":53},"end":{"line":28,"column":3}}}},"branchMap":{"0":{"loc":{"start":{"line":14,"column":16},"end":{"line":14,"column":39}},"type":"binary-expr","locations":[{"start":{"line":14,"column":16},"end":{"line":14,"column":25}},{"start":{"line":14,"column":29},"end":{"line":14,"column":39}}]},"1":{"loc":{"start":{"line":18,"column":4},"end":{"line":20,"column":5}},"type":"if","locations":[{"start":{"line":18,"column":4},"end":{"line":20,"column":5}},{"start":{},"end":{}}]},"2":{"loc":{"start":{"line":23,"column":4},"end":{"line":25,"column":5}},"type":"if","locations":[{"start":{"line":23,"column":4},"end":{"line":25,"column":5}},{"start":{},"end":{}}]}},"s":{"0":4,"1":4,"2":6,"3":6,"4":8,"5":8,"6":8,"7":8,"8":8,"9":1,"10":7,"11":7,"12":2,"13":5,"14":4},"f":{"0":6,"1":8},"b":{"0":[8,7],"1":[1,7],"2":[2,5]}}
,"C:\\Users\\juan_\\source\\repos\\employee-system\\backend\\src\\usecases\\RegisterExitUseCase.ts": {"path":"C:\\Users\\juan_\\source\\repos\\employee-system\\backend\\src\\usecases\\RegisterExitUseCase.ts","statementMap":{"0":{"start":{"line":1,"column":0},"end":{"line":1,"column":61}},"1":{"start":{"line":2,"column":0},"end":{"line":2,"column":82}},"2":{"start":{"line":8,"column":21},"end":{"line":8,"column":59}},"3":{"start":{"line":9,"column":21},"end":{"line":9,"column":63}},"4":{"start":{"line":13,"column":20},"end":{"line":13,"column":71}},"5":{"start":{"line":14,"column":16},"end":{"line":14,"column":39}},"6":{"start":{"line":15,"column":18},"end":{"line":15,"column":49}},"7":{"start":{"line":17,"column":21},"end":{"line":17,"column":79}},"8":{"start":{"line":18,"column":4},"end":{"line":20,"column":5}},"9":{"start":{"line":19,"column":6},"end":{"line":19,"column":52}},"10":{"start":{"line":22,"column":23},"end":{"line":22,"column":95}},"11":{"start":{"line":23,"column":4},"end":{"line":25,"column":5}},"12":{"start":{"line":24,"column":6},"end":{"line":24,"column":69}},"13":{"start":{"line":27,"column":4},"end":{"line":29,"column":5}},"14":{"start":{"line":28,"column":6},"end":{"line":28,"column":68}},"15":{"start":{"line":31,"column":24},"end":{"line":31,"column":58}},"16":{"start":{"line":32,"column":23},"end":{"line":32,"column":122}},"17":{"start":{"line":34,"column":4},"end":{"line":34,"column":82}},"18":{"start":{"line":6,"column":0},"end":{"line":6,"column":13}}},"fnMap":{"0":{"name":"(anonymous_0)","decl":{"start":{"line":7,"column":2},"end":{"line":7,"column":null}},"loc":{"start":{"line":9,"column":63},"end":{"line":10,"column":6}}},"1":{"name":"(anonymous_1)","decl":{"start":{"line":12,"column":2},"end":{"line":12,"column":7}},"loc":{"start":{"line":12,"column":53},"end":{"line":35,"column":3}}}},"branchMap":{"0":{"loc":{"start":{"line":14,"column":16},"end":{"line":14,"column":39}},"type":"binary-expr","locations":[{"start":{"line":14,"column":16},"end":{"line":14,"column":25}},{"start":{"line":14,"column":29},"end":{"line":14,"column":39}}]},"1":{"loc":{"start":{"line":18,"column":4},"end":{"line":20,"column":5}},"type":"if","locations":[{"start":{"line":18,"column":4},"end":{"line":20,"column":5}},{"start":{},"end":{}}]},"2":{"loc":{"start":{"line":23,"column":4},"end":{"line":25,"column":5}},"type":"if","locations":[{"start":{"line":23,"column":4},"end":{"line":25,"column":5}},{"start":{},"end":{}}]},"3":{"loc":{"start":{"line":27,"column":4},"end":{"line":29,"column":5}},"type":"if","locations":[{"start":{"line":27,"column":4},"end":{"line":29,"column":5}},{"start":{},"end":{}}]}},"s":{"0":4,"1":4,"2":7,"3":7,"4":7,"5":7,"6":7,"7":7,"8":7,"9":1,"10":6,"11":6,"12":2,"13":4,"14":1,"15":3,"16":3,"17":3,"18":4},"f":{"0":7,"1":7},"b":{"0":[7,6],"1":[1,6],"2":[2,4],"3":[1,3]}}
}
