TN:
SF:src\dtos\attendance.dto.ts
FN:9,(anonymous_0)
FNF:1
FNH:1
FNDA:15,(anonymous_0)
DA:1,5
DA:3,5
DA:9,15
LF:3
LH:3
BRF:0
BRH:0
end_of_record
TN:
SF:src\dtos\employee.dto.ts
FN:8,(anonymous_0)
FN:13,(anonymous_1)
FN:19,(anonymous_2)
FNF:3
FNH:2
FNDA:19,(anonymous_0)
FNDA:10,(anonymous_1)
FNDA:0,(anonymous_2)
DA:1,4
DA:3,4
DA:8,19
DA:10,4
DA:13,10
DA:17,4
DA:19,0
DA:23,4
LF:8
LH:7
BRF:0
BRH:0
end_of_record
TN:
SF:src\usecases\CreateEmployeeUseCase.ts
FN:6,(anonymous_0)
FN:8,(anonymous_1)
FNF:2
FNH:2
FNDA:6,(anonymous_0)
FNDA:12,(anonymous_1)
DA:1,4
DA:2,4
DA:5,4
DA:6,6
DA:9,12
DA:11,10
DA:12,10
DA:13,2
DA:16,8
LF:9
LH:9
BRDA:12,0,0,2
BRDA:12,0,1,8
BRF:2
BRH:2
end_of_record
TN:
SF:src\usecases\GetAttendanceHistoryUseCase.ts
FN:6,(anonymous_0)
FN:11,(anonymous_1)
FNF:2
FNH:2
FNDA:5,(anonymous_0)
FNDA:3,(anonymous_1)
DA:1,4
DA:5,4
DA:7,5
DA:8,5
DA:12,3
DA:13,3
DA:15,3
DA:16,1
DA:19,2
LF:9
LH:9
BRDA:15,0,0,1
BRDA:15,0,1,2
BRF:2
BRH:2
end_of_record
TN:
SF:src\usecases\RegisterEntryUseCase.ts
FN:7,(anonymous_0)
FN:12,(anonymous_1)
FNF:2
FNH:2
FNDA:6,(anonymous_0)
FNDA:8,(anonymous_1)
DA:1,4
DA:2,4
DA:6,4
DA:8,6
DA:9,6
DA:13,8
DA:14,8
DA:15,8
DA:17,8
DA:18,8
DA:19,1
DA:22,7
DA:23,7
DA:24,2
DA:27,5
LF:15
LH:15
BRDA:14,0,0,8
BRDA:14,0,1,7
BRDA:18,1,0,1
BRDA:18,1,1,7
BRDA:23,2,0,2
BRDA:23,2,1,5
BRF:6
BRH:6
end_of_record
TN:
SF:src\usecases\RegisterExitUseCase.ts
FN:7,(anonymous_0)
FN:12,(anonymous_1)
FNF:2
FNH:2
FNDA:7,(anonymous_0)
FNDA:7,(anonymous_1)
DA:1,4
DA:2,4
DA:6,4
DA:8,7
DA:9,7
DA:13,7
DA:14,7
DA:15,7
DA:17,7
DA:18,7
DA:19,1
DA:22,6
DA:23,6
DA:24,2
DA:27,4
DA:28,1
DA:31,3
DA:32,3
DA:34,3
LF:19
LH:19
BRDA:14,0,0,7
BRDA:14,0,1,6
BRDA:18,1,0,1
BRDA:18,1,1,6
BRDA:23,2,0,2
BRDA:23,2,1,4
BRDA:27,3,0,1
BRDA:27,3,1,3
BRF:8
BRH:8
end_of_record
